#! /c/Source/iverilog-install/bin/vvp
:ivl_version "12.0 (devel)" "(s20150603-1110-g18392a46)";
:ivl_delay_selection "TYPICAL";
:vpi_time_precision + 0;
:vpi_module "C:\iverilog\lib\ivl\system.vpi";
:vpi_module "C:\iverilog\lib\ivl\vhdl_sys.vpi";
:vpi_module "C:\iverilog\lib\ivl\vhdl_textio.vpi";
:vpi_module "C:\iverilog\lib\ivl\v2005_math.vpi";
:vpi_module "C:\iverilog\lib\ivl\va_math.vpi";
S_000001ec2e83db60 .scope module, "railway_tb" "railway_tb" 2 1;
 .timescale 0 0;
v000001ec2e83aef0_0 .var "clk", 0 0;
v000001ec2e884ef0_0 .net "gate", 0 0, v000001ec2e8528d0_0;  1 drivers
v000001ec2e884f90_0 .var "reset", 0 0;
v000001ec2e885030_0 .net "signal", 0 0, v000001ec2e83ad10_0;  1 drivers
v000001ec2e8850d0_0 .var "train_detect", 0 0;
S_000001ec2e83dcf0 .scope module, "uut" "railway" 2 9, 3 1 0, S_000001ec2e83db60;
 .timescale 0 0;
    .port_info 0 /INPUT 1 "clk";
    .port_info 1 /INPUT 1 "reset";
    .port_info 2 /INPUT 1 "train_detect";
    .port_info 3 /OUTPUT 1 "gate";
    .port_info 4 /OUTPUT 1 "signal";
P_000001ec2e83de80 .param/l "IDLE" 0 3 11, C4<00>;
P_000001ec2e83deb8 .param/l "TRAIN_APPROACH" 0 3 12, C4<01>;
P_000001ec2e83def0 .param/l "TRAIN_PASS" 0 3 13, C4<10>;
v000001ec2e83df30_0 .net "clk", 0 0, v000001ec2e83aef0_0;  1 drivers
v000001ec2e8528d0_0 .var "gate", 0 0;
v000001ec2e83ac70_0 .net "reset", 0 0, v000001ec2e884f90_0;  1 drivers
v000001ec2e83ad10_0 .var "signal", 0 0;
v000001ec2e83adb0_0 .var "state", 1 0;
v000001ec2e83ae50_0 .net "train_detect", 0 0, v000001ec2e8850d0_0;  1 drivers
E_000001ec2e8896a0 .event anyedge, v000001ec2e83adb0_0;
E_000001ec2e889aa0 .event posedge, v000001ec2e83ac70_0, v000001ec2e83df30_0;
    .scope S_000001ec2e83dcf0;
T_0 ;
    %wait E_000001ec2e889aa0;
    %load/vec4 v000001ec2e83ac70_0;
    %flag_set/vec4 8;
    %jmp/0xz  T_0.0, 8;
    %pushi/vec4 0, 0, 2;
    %assign/vec4 v000001ec2e83adb0_0, 0;
    %jmp T_0.1;
T_0.0 ;
    %load/vec4 v000001ec2e83adb0_0;
    %dup/vec4;
    %pushi/vec4 0, 0, 2;
    %cmp/u;
    %jmp/1 T_0.2, 6;
    %dup/vec4;
    %pushi/vec4 1, 0, 2;
    %cmp/u;
    %jmp/1 T_0.3, 6;
    %dup/vec4;
    %pushi/vec4 2, 0, 2;
    %cmp/u;
    %jmp/1 T_0.4, 6;
    %jmp T_0.5;
T_0.2 ;
    %load/vec4 v000001ec2e83ae50_0;
    %flag_set/vec4 8;
    %jmp/0xz  T_0.6, 8;
    %pushi/vec4 1, 0, 2;
    %assign/vec4 v000001ec2e83adb0_0, 0;
T_0.6 ;
    %jmp T_0.5;
T_0.3 ;
    %pushi/vec4 2, 0, 2;
    %assign/vec4 v000001ec2e83adb0_0, 0;
    %jmp T_0.5;
T_0.4 ;
    %pushi/vec4 0, 0, 2;
    %assign/vec4 v000001ec2e83adb0_0, 0;
    %jmp T_0.5;
T_0.5 ;
    %pop/vec4 1;
T_0.1 ;
    %jmp T_0;
    .thread T_0;
    .scope S_000001ec2e83dcf0;
T_1 ;
    %wait E_000001ec2e8896a0;
    %load/vec4 v000001ec2e83adb0_0;
    %dup/vec4;
    %pushi/vec4 0, 0, 2;
    %cmp/u;
    %jmp/1 T_1.0, 6;
    %dup/vec4;
    %pushi/vec4 1, 0, 2;
    %cmp/u;
    %jmp/1 T_1.1, 6;
    %dup/vec4;
    %pushi/vec4 2, 0, 2;
    %cmp/u;
    %jmp/1 T_1.2, 6;
    %jmp T_1.3;
T_1.0 ;
    %pushi/vec4 0, 0, 1;
    %store/vec4 v000001ec2e8528d0_0, 0, 1;
    %pushi/vec4 0, 0, 1;
    %store/vec4 v000001ec2e83ad10_0, 0, 1;
    %jmp T_1.3;
T_1.1 ;
    %pushi/vec4 1, 0, 1;
    %store/vec4 v000001ec2e8528d0_0, 0, 1;
    %pushi/vec4 1, 0, 1;
    %store/vec4 v000001ec2e83ad10_0, 0, 1;
    %jmp T_1.3;
T_1.2 ;
    %pushi/vec4 1, 0, 1;
    %store/vec4 v000001ec2e8528d0_0, 0, 1;
    %pushi/vec4 1, 0, 1;
    %store/vec4 v000001ec2e83ad10_0, 0, 1;
    %jmp T_1.3;
T_1.3 ;
    %pop/vec4 1;
    %jmp T_1;
    .thread T_1, $push;
    .scope S_000001ec2e83db60;
T_2 ;
    %pushi/vec4 0, 0, 1;
    %store/vec4 v000001ec2e83aef0_0, 0, 1;
    %end;
    .thread T_2;
    .scope S_000001ec2e83db60;
T_3 ;
    %delay 5, 0;
    %load/vec4 v000001ec2e83aef0_0;
    %inv;
    %store/vec4 v000001ec2e83aef0_0, 0, 1;
    %jmp T_3;
    .thread T_3;
    .scope S_000001ec2e83db60;
T_4 ;
    %vpi_call 2 22 "$dumpfile", "railway.vcd" {0 0 0};
    %vpi_call 2 23 "$dumpvars", 32'sb00000000000000000000000000000000, S_000001ec2e83db60 {0 0 0};
    %pushi/vec4 1, 0, 1;
    %store/vec4 v000001ec2e884f90_0, 0, 1;
    %pushi/vec4 0, 0, 1;
    %store/vec4 v000001ec2e8850d0_0, 0, 1;
    %delay 10, 0;
    %pushi/vec4 0, 0, 1;
    %store/vec4 v000001ec2e884f90_0, 0, 1;
    %delay 20, 0;
    %pushi/vec4 1, 0, 1;
    %store/vec4 v000001ec2e8850d0_0, 0, 1;
    %delay 20, 0;
    %pushi/vec4 0, 0, 1;
    %store/vec4 v000001ec2e8850d0_0, 0, 1;
    %delay 100, 0;
    %vpi_call 2 32 "$finish" {0 0 0};
    %end;
    .thread T_4;
# The file index is used to find the file name in the following table.
:file_names 4;
    "N/A";
    "<interactive>";
    "railway_tb.v";
    "railway.v";
